生成启动时间为 2017-05-25 19:24:33。
     1>项目“F:\DataStruct\文件压缩\文件压缩\文件压缩.vcxproj”在节点 2 上(Build 个目标)。
     1>ClCompile:
         D:\VS15\VC\bin\CL.exe /c /ZI /nologo /W3 /WX- /sdl /Od /Oy- /D _UNICODE /D UNICODE /Gm /EHsc /RTC1 /MDd /GS /fp:precise /Zc:wchar_t /Zc:forScope /Zc:inline /Fo"Debug\\" /Fd"Debug\vc140.pdb" /Gd /TP /analyze- /errorReport:prompt test.cpp
         test.cpp
     1>f:\datastruct\文件压缩\文件压缩\huffmantree.hpp(51): warning C4018: “<”: 有符号/无符号不匹配
         f:\datastruct\文件压缩\文件压缩\huffmantree.hpp(42): note: 编译类 模板 成员函数“void HuffmanTree<int>::_CreateTree(const T [],size_t)”时
                 with
                 [
                     T=int
                 ]
         f:\datastruct\文件压缩\文件压缩\huffmantree.hpp(38): note: 参见对正在编译的函数 模板 实例化“void HuffmanTree<int>::_CreateTree(const T [],size_t)”的引用
                 with
                 [
                     T=int
                 ]
         f:\datastruct\文件压缩\文件压缩\test.cpp(8): note: 参见对正在编译的类 模板 实例化“HuffmanTree<int>”的引用
       Link:
         D:\VS15\VC\bin\link.exe /ERRORREPORT:PROMPT /OUT:"F:\DataStruct\文件压缩\Debug\文件压缩.exe" /INCREMENTAL /NOLOGO kernel32.lib user32.lib gdi32.lib winspool.lib comdlg32.lib advapi32.lib shell32.lib ole32.lib oleaut32.lib uuid.lib odbc32.lib odbccp32.lib /MANIFEST /MANIFESTUAC:"level='asInvoker' uiAccess='false'" /manifest:embed /Debug /PDB:"F:\DataStruct\文件压缩\Debug\文件压缩.pdb" /TLBID:1 /DYNAMICBASE /NXCOMPAT /IMPLIB:"F:\DataStruct\文件压缩\Debug\文件压缩.lib" /MACHINE:X86 Debug\test.obj
         文件压缩.vcxproj -> F:\DataStruct\文件压缩\Debug\文件压缩.exe
     1>已完成生成项目“F:\DataStruct\文件压缩\文件压缩\文件压缩.vcxproj”(Build 个目标)的操作。

已成功生成。

已用时间 00:00:01.73
