生成启动时间为 2017/5/12 15:28:34。
     1>项目“F:\vsxeceit\堆\堆\堆.vcxproj”在节点 2 上(Build 个目标)。
     1>ClCompile:
         D:\VS15\VC\bin\CL.exe /c /ZI /nologo /W3 /WX- /sdl /Od /Oy- /D _UNICODE /D UNICODE /Gm /EHsc /RTC1 /MDd /GS /fp:precise /Zc:wchar_t /Zc:forScope /Zc:inline /Fo"Debug\\" /Fd"Debug\vc140.pdb" /Gd /TP /analyze- /errorReport:prompt heap.cpp
         heap.cpp
     1>f:\vsxeceit\堆\堆\heap.cpp(13): warning C4018: “<”: 有符号/无符号不匹配
         f:\vsxeceit\堆\堆\heap.cpp(10): note: 编译类 模板 成员函数“Heap<int>::Heap(const T [],size_t)”时
                 with
                 [
                     T=int
                 ]
         f:\vsxeceit\堆\堆\heap.cpp(92): note: 参见对正在编译的函数 模板 实例化“Heap<int>::Heap(const T [],size_t)”的引用
                 with
                 [
                     T=int
                 ]
         f:\vsxeceit\堆\堆\heap.cpp(92): note: 参见对正在编译的类 模板 实例化“Heap<int>”的引用
       Link:
         D:\VS15\VC\bin\link.exe /ERRORREPORT:PROMPT /OUT:"F:\vsxeceit\堆\Debug\堆.exe" /INCREMENTAL /NOLOGO kernel32.lib user32.lib gdi32.lib winspool.lib comdlg32.lib advapi32.lib shell32.lib ole32.lib oleaut32.lib uuid.lib odbc32.lib odbccp32.lib /MANIFEST /MANIFESTUAC:"level='asInvoker' uiAccess='false'" /manifest:embed /Debug /PDB:"F:\vsxeceit\堆\Debug\堆.pdb" /TLBID:1 /DYNAMICBASE /NXCOMPAT /IMPLIB:"F:\vsxeceit\堆\Debug\堆.lib" /MACHINE:X86 Debug\heap.obj
         堆.vcxproj -> F:\vsxeceit\堆\Debug\堆.exe
     1>已完成生成项目“F:\vsxeceit\堆\堆\堆.vcxproj”(Build 个目标)的操作。

已成功生成。

已用时间 00:00:01.03
